<?xml version="1.0" encoding="UTF-8"?>
<testsuite name="org.example.AvionComercialTest" tests="3" skipped="0" failures="0" errors="0" timestamp="2024-07-29T20:11:22" hostname="MBP-de-Agustin.fibertel.com.ar" time="0.121">
  <properties/>
  <testcase name="testVolar()" classname="org.example.AvionComercialTest" time="0.087"/>
  <testcase name="gatCapacidadCombustible()" classname="org.example.AvionComercialTest" time="0.007"/>
  <testcase name="getConsumoCombustible()" classname="org.example.AvionComercialTest" time="0.007"/>
  <system-out><![CDATA[]]></system-out>
  <system-err><![CDATA[]]></system-err>
</testsuite>
