<?xml version="1.0" encoding="UTF-8"?>
<testsuite name="org.example.AvionPrivadoTest" tests="3" skipped="0" failures="0" errors="0" timestamp="2024-07-29T20:11:22" hostname="MBP-de-Agustin.fibertel.com.ar" time="0.018">
  <properties/>
  <testcase name="testVolar()" classname="org.example.AvionPrivadoTest" time="0.005"/>
  <testcase name="TestGetConsumoCombustible()" classname="org.example.AvionPrivadoTest" time="0.003"/>
  <testcase name="TestGetCapacidadCombustible()" classname="org.example.AvionPrivadoTest" time="0.002"/>
  <system-out><![CDATA[]]></system-out>
  <system-err><![CDATA[]]></system-err>
</testsuite>
